<?xml version="1.0" encoding="UTF-8"?>
<!-- Generated by org.testng.reporters.JUnitReportReporter -->
<testsuite hostname="DK-C-BLR-AUGA" failures="0" tests="1" name="MobileTestFramework.MobileTestFramework.TestValidateLoginScreen" time="24.233" errors="0" timestamp="2023-08-22T19:39:52 CEST" skipped="0">
  <testcase classname="MobileTestFramework.MobileTestFramework.TestValidateLoginScreen" name="homeScreenValidation" time="24.233"/>
  <system-out/>
</testsuite> <!-- MobileTestFramework.MobileTestFramework.TestValidateLoginScreen -->
